<?xml version="1.0" encoding="UTF-8"?>
<!-- Generated by org.testng.reporters.JUnitReportReporter -->
<testsuite skipped="0" hostname="DESKTOP-ETTBG7O" name="com.leafBot.testcases.CL" tests="2" failures="0" timestamp="14 Jul 2019 04:39:53 GMT" time="43.671" errors="0">
  <testcase name="loginAndLogout" time="22.590" classname="com.leafBot.testcases.CL"/>
  <testcase name="loginAndLogout" time="21.081" classname="com.leafBot.testcases.CL"/>
</testsuite> <!-- com.leafBot.testcases.CL -->
