<?xml version="1.0" encoding="UTF-8"?>
<!-- Generated by org.testng.reporters.JUnitReportReporter -->
<testsuite skipped="0" hostname="DESKTOP-ETTBG7O" name="runner.LoginUsingCucumber" tests="2" failures="0" timestamp="14 Jul 2019 04:15:25 GMT" time="20.061" errors="0">
  <testcase name="runScenario" time="9.631" classname="runner.LoginUsingCucumber"/>
  <testcase name="runScenario" time="10.430" classname="runner.LoginUsingCucumber"/>
</testsuite> <!-- runner.LoginUsingCucumber -->
