<?xml version="1.0" encoding="UTF-8"?>
<!-- Generated by org.testng.reporters.JUnitReportReporter -->
<testsuite skipped="0" hostname="DESKTOP-ETTBG7O" name="com.leafBot.testcases.CL" tests="2" failures="0" timestamp="09 Aug 2019 13:01:37 GMT" time="48.613" errors="0">
  <testcase name="loginAndLogout" time="26.357" classname="com.leafBot.testcases.CL"/>
  <testcase name="loginAndLogout" time="22.256" classname="com.leafBot.testcases.CL"/>
</testsuite> <!-- com.leafBot.testcases.CL -->
